*** Now run 'gdb'.
***
[1;256r[256;256H[6n
Google, Inc.
Serial Graphics Adapter 11/03/11
SGABIOS $Id$ (pbonzini@yakj.usersys.redhat.com) Thu Nov  3 13:33:51 UTC 2011
4 0
[2J[m[mSeaBIOS (version pre-0.6.3-20110315_112143-titi)


iPXE v1.0.0-591-g7aee315
iPXE (http://ipxe.org) 00:03.0 CA00 PCI2.10 PnP PMM+07FC8D60+07F88D60 CA00
Press Ctrl-B to configure iPXE (PCI 00:03.0)...                                                                               

Booting from Hard Disk...
6828 decimal is 15254 octal!
entering test_backtrace 5
entering test_backtrace 4
entering test_backtrace 3
entering test_backtrace 2
entering test_backtrace 1
entering test_backtrace 0
Stack backtrace:
  ebp f010ff18  eip f0100087  args 00000000 00000000 00000000 00000000 f0100980
         kern/init.c:19: test_backtrace+71
  ebp f010ff38  eip f0100069  args 00000000 00000001 f010ff78 00000000 f0100980
         kern/init.c:16: test_backtrace+41
  ebp f010ff58  eip f0100069  args 00000001 00000002 f010ff98 00000000 f0100980
         kern/init.c:16: test_backtrace+41
  ebp f010ff78  eip f0100069  args 00000002 00000003 f010ffb8 00000000 f0100980
         kern/init.c:16: test_backtrace+41
  ebp f010ff98  eip f0100069  args 00000003 00000004 00000000 00000000 00000000
         kern/init.c:16: test_backtrace+41
  ebp f010ffb8  eip f0100069  args 00000004 00000005 00000000 00010094 00010094
         kern/init.c:16: test_backtrace+41
  ebp f010ffd8  eip f01000ea  args 00000005 00001aac 00000644 00000000 00000000
         kern/init.c:43: i386_init+77
  ebp f010fff8  eip f010003e  args 00111021 00000000 00000000 00000000 00000000
         kern/entry.S:83: <unknown>+0
leaving test_backtrace 0
leaving test_backtrace 1
leaving test_backtrace 2
leaving test_backtrace 3
leaving test_backtrace 4
leaving test_backtrace 5
Welcome to the JOS kernel monitor!
Type 'help' for a list of commands.

QEMU: Terminated via GDBstub
